<?xml version="1.0" encoding="UTF-8"?>
<!-- Generated by org.testng.reporters.JUnitXMLReporter -->
<testsuite hostname="vmt10285" ignored="0" name="Default test" tests="2" failures="0" timestamp="2021-03-23T07:00:25 IST" time="22.393" errors="0">
  <testcase name="DataUtilityMethod" time="5.54" classname="com.valuemomentum.retail.Assessment1.tests.SmokeTest1"/>
  <testcase name="DataUtilityMethod" time="4.445" classname="com.valuemomentum.retail.Assessment1.tests.SmokeTest1"/>
</testsuite> <!-- Default test -->
